<?xml version="1.0" encoding="UTF-8"?>
<testng-results skipped="0" failed="0" ignored="0" total="1" passed="1">
  <reporter-output>
  </reporter-output>
  <suite name="Default suite" duration-ms="49319" started-at="2020-05-12T17:27:38Z" finished-at="2020-05-12T17:28:28Z">
    <groups>
    </groups>
    <test name="Default test" duration-ms="49319" started-at="2020-05-12T17:27:38Z" finished-at="2020-05-12T17:28:28Z">
      <class name="com.mkyong.busonfiscal.FacturaBasicaTest">
        <test-method status="PASS" signature="initiaLiseBrowser()[pri:0, instance:com.mkyong.busonfiscal.FacturaBasicaTest@78c03f1f]" name="initiaLiseBrowser" is-config="true" duration-ms="8116" started-at="2020-05-12T17:27:38Z" finished-at="2020-05-12T17:27:46Z">
          <reporter-output>
          </reporter-output>
        </test-method> <!-- initiaLiseBrowser -->
        <test-method status="PASS" signature="basePageNavigation()[pri:0, instance:com.mkyong.busonfiscal.FacturaBasicaTest@78c03f1f]" name="basePageNavigation" duration-ms="40109" started-at="2020-05-12T17:27:46Z" finished-at="2020-05-12T17:28:27Z">
          <reporter-output>
          </reporter-output>
        </test-method> <!-- basePageNavigation -->
        <test-method status="PASS" signature="closeBrowser()[pri:0, instance:com.mkyong.busonfiscal.FacturaBasicaTest@78c03f1f]" name="closeBrowser" is-config="true" duration-ms="1041" started-at="2020-05-12T17:28:27Z" finished-at="2020-05-12T17:28:28Z">
          <reporter-output>
          </reporter-output>
        </test-method> <!-- closeBrowser -->
      </class> <!-- com.mkyong.busonfiscal.FacturaBasicaTest -->
    </test> <!-- Default test -->
  </suite> <!-- Default suite -->
</testng-results>
