<?xml version="1.0" encoding="UTF-8"?>
<testng-results skipped="0" failed="0" ignored="0" total="1" passed="1">
  <reporter-output>
  </reporter-output>
  <suite name="Default suite" duration-ms="131628" started-at="2020-03-31T16:04:23Z" finished-at="2020-03-31T16:06:35Z">
    <groups>
    </groups>
    <test name="Default test" duration-ms="131628" started-at="2020-03-31T16:04:23Z" finished-at="2020-03-31T16:06:35Z">
      <class name="com.mkyong.busonfiscal.detail.TestVentaDeVehiculosDetail2">
        <test-method status="PASS" signature="initiaLiseBrowser()[pri:0, instance:com.mkyong.busonfiscal.detail.TestVentaDeVehiculosDetail2@5ce81285]" name="initiaLiseBrowser" is-config="true" duration-ms="14734" started-at="2020-03-31T16:04:23Z" finished-at="2020-03-31T16:04:38Z">
          <reporter-output>
          </reporter-output>
        </test-method> <!-- initiaLiseBrowser -->
        <test-method status="PASS" signature="basePageNavigation()[pri:0, instance:com.mkyong.busonfiscal.detail.TestVentaDeVehiculosDetail2@5ce81285]" name="basePageNavigation" duration-ms="116536" started-at="2020-03-31T16:04:38Z" finished-at="2020-03-31T16:06:34Z">
          <reporter-output>
          </reporter-output>
        </test-method> <!-- basePageNavigation -->
        <test-method status="PASS" signature="closeBrowser()[pri:0, instance:com.mkyong.busonfiscal.detail.TestVentaDeVehiculosDetail2@5ce81285]" name="closeBrowser" is-config="true" duration-ms="332" started-at="2020-03-31T16:06:34Z" finished-at="2020-03-31T16:06:35Z">
          <reporter-output>
          </reporter-output>
        </test-method> <!-- closeBrowser -->
      </class> <!-- com.mkyong.busonfiscal.detail.TestVentaDeVehiculosDetail2 -->
    </test> <!-- Default test -->
  </suite> <!-- Default suite -->
</testng-results>
